<?xml version="1.0" encoding="UTF-8"?>
<testsuite xmlns:xsi="http://www.w3.org/2001/XMLSchema-instance" xsi:noNamespaceSchemaLocation="https://maven.apache.org/surefire/maven-failsafe-plugin/xsd/failsafe-test-report-3.0.xsd" version="3.0" name="Online shopping feature" time="72.436" tests="2" errors="0" skipped="0" failures="0">
  <properties>
[...]
</properties>
  <testcase name="I want to be able to add 2 items to the cart and place an order" classname="Online shopping feature" time="38.236"/>
  <testcase name="I want to be able to add 2 items to the cart and place an order" classname="Online shopping feature" time="33.973"/>
</testsuite>